D:\TPICKELL\DOCUMENTS\GITHUB\WEEK2-CISS350\INSTADATE\INSTADATE\DEBUG\INSTADATE.PCH
D:\TPICKELL\DOCUMENTS\GITHUB\WEEK2-CISS350\INSTADATE\INSTADATE\DEBUG\STDAFX.OBJ
D:\TPICKELL\DOCUMENTS\GITHUB\WEEK2-CISS350\INSTADATE\INSTADATE\DEBUG\VC110.PDB
D:\TPICKELL\DOCUMENTS\GITHUB\WEEK2-CISS350\INSTADATE\INSTADATE\DEBUG\CLIENT.OBJ
D:\TPICKELL\DOCUMENTS\GITHUB\WEEK2-CISS350\INSTADATE\INSTADATE\DEBUG\FILEHANDLER.OBJ
D:\TPICKELL\DOCUMENTS\GITHUB\WEEK2-CISS350\INSTADATE\INSTADATE\DEBUG\INSTADATE.OBJ
D:\TPICKELL\DOCUMENTS\GITHUB\WEEK2-CISS350\INSTADATE\INSTADATE\DEBUG\UNSORTEDLIST.OBJ
D:\tpickell\Documents\GitHub\Week2-CISS350\InstaDate\InstaDate\Debug\Client.obj
D:\tpickell\Documents\GitHub\Week2-CISS350\InstaDate\InstaDate\Debug\fileHandler.obj
D:\tpickell\Documents\GitHub\Week2-CISS350\InstaDate\InstaDate\Debug\InstaDate.obj
D:\tpickell\Documents\GitHub\Week2-CISS350\InstaDate\InstaDate\Debug\stdafx.obj
D:\tpickell\Documents\GitHub\Week2-CISS350\InstaDate\InstaDate\Debug\UnsortedList.obj
D:\tpickell\Documents\GitHub\Week2-CISS350\InstaDate\InstaDate\Debug\cl.command.1.tlog
D:\tpickell\Documents\GitHub\Week2-CISS350\InstaDate\InstaDate\Debug\CL.read.1.tlog
D:\tpickell\Documents\GitHub\Week2-CISS350\InstaDate\InstaDate\Debug\CL.write.1.tlog
D:\tpickell\Documents\GitHub\Week2-CISS350\InstaDate\InstaDate\Debug\link-cvtres.read.1.tlog
D:\tpickell\Documents\GitHub\Week2-CISS350\InstaDate\InstaDate\Debug\link-cvtres.write.1.tlog
D:\tpickell\Documents\GitHub\Week2-CISS350\InstaDate\InstaDate\Debug\link-rc.read.1.tlog
D:\tpickell\Documents\GitHub\Week2-CISS350\InstaDate\InstaDate\Debug\link-rc.write.1.tlog
D:\tpickell\Documents\GitHub\Week2-CISS350\InstaDate\InstaDate\Debug\link.command.1.tlog
D:\tpickell\Documents\GitHub\Week2-CISS350\InstaDate\InstaDate\Debug\link.read.1.tlog
D:\tpickell\Documents\GitHub\Week2-CISS350\InstaDate\InstaDate\Debug\link.write.1.tlog
D:\tpickell\Documents\GitHub\Week2-CISS350\InstaDate\InstaDate\Debug\InstaDate.pch
D:\tpickell\Documents\GitHub\Week2-CISS350\InstaDate\InstaDate\Debug\vc110.idb
D:\tpickell\Documents\GitHub\Week2-CISS350\InstaDate\InstaDate\Debug\vc110.pdb
D:\tpickell\Documents\GitHub\Week2-CISS350\InstaDate\Debug\InstaDate.pdb
